{"reason":"compiler-message","package_id":"path+file:///Users/test/Documents/Rust/StreamWeaver/backend#0.1.0","manifest_path":"/Users/test/Documents/Rust/StreamWeaver/backend/Cargo.toml","target":{"kind":["bin"],"crate_types":["bin"],"name":"backend","src_path":"/Users/test/Documents/Rust/StreamWeaver/backend/src/main.rs","edition":"2024","doc":true,"doctest":false,"test":true},"message":{"rendered":"warning: type `request_element` should have an upper camel case name\n  --> src/main.rs:54:6\n   |\n54 | enum request_element {\n   |      ^^^^^^^^^^^^^^^ help: convert the identifier to upper camel case: `RequestElement`\n   |\n   = note: `#[warn(non_camel_case_types)]` (part of `#[warn(nonstandard_style)]`) on by default\n\n","$message_type":"diagnostic","children":[{"children":[],"code":null,"level":"note","message":"`#[warn(non_camel_case_types)]` (part of `#[warn(nonstandard_style)]`) on by default","rendered":null,"spans":[]},{"children":[],"code":null,"level":"help","message":"convert the identifier to upper camel case","rendered":null,"spans":[{"byte_end":1491,"byte_start":1476,"column_end":21,"column_start":6,"expansion":null,"file_name":"src/main.rs","is_primary":true,"label":null,"line_end":54,"line_start":54,"suggested_replacement":"RequestElement","suggestion_applicability":"MaybeIncorrect","text":[{"highlight_end":21,"highlight_start":6,"text":"enum request_element {"}]}]}],"code":{"code":"non_camel_case_types","explanation":null},"level":"warning","message":"type `request_element` should have an upper camel case name","spans":[{"byte_end":1491,"byte_start":1476,"column_end":21,"column_start":6,"expansion":null,"file_name":"src/main.rs","is_primary":true,"label":null,"line_end":54,"line_start":54,"suggested_replacement":null,"suggestion_applicability":null,"text":[{"highlight_end":21,"highlight_start":6,"text":"enum request_element {"}]}]}}
{"reason":"compiler-message","package_id":"path+file:///Users/test/Documents/Rust/StreamWeaver/backend#0.1.0","manifest_path":"/Users/test/Documents/Rust/StreamWeaver/backend/Cargo.toml","target":{"kind":["bin"],"crate_types":["bin"],"name":"backend","src_path":"/Users/test/Documents/Rust/StreamWeaver/backend/src/main.rs","edition":"2024","doc":true,"doctest":false,"test":true},"message":{"rendered":"warning: type `request_element` should have an upper camel case name\n  --> src/main.rs:54:6\n   |\n54 | enum request_element {\n   |      ^^^^^^^^^^^^^^^ help: convert the identifier to upper camel case: `RequestElement`\n   |\n   = note: `#[warn(non_camel_case_types)]` (part of `#[warn(nonstandard_style)]`) on by default\n\n","$message_type":"diagnostic","children":[{"children":[],"code":null,"level":"note","message":"`#[warn(non_camel_case_types)]` (part of `#[warn(nonstandard_style)]`) on by default","rendered":null,"spans":[]},{"children":[],"code":null,"level":"help","message":"convert the identifier to upper camel case","rendered":null,"spans":[{"byte_end":1491,"byte_start":1476,"column_end":21,"column_start":6,"expansion":null,"file_name":"src/main.rs","is_primary":true,"label":null,"line_end":54,"line_start":54,"suggested_replacement":"RequestElement","suggestion_applicability":"MaybeIncorrect","text":[{"highlight_end":21,"highlight_start":6,"text":"enum request_element {"}]}]}],"code":{"code":"non_camel_case_types","explanation":null},"level":"warning","message":"type `request_element` should have an upper camel case name","spans":[{"byte_end":1491,"byte_start":1476,"column_end":21,"column_start":6,"expansion":null,"file_name":"src/main.rs","is_primary":true,"label":null,"line_end":54,"line_start":54,"suggested_replacement":null,"suggestion_applicability":null,"text":[{"highlight_end":21,"highlight_start":6,"text":"enum request_element {"}]}]}}
{"reason":"compiler-message","package_id":"path+file:///Users/test/Documents/Rust/StreamWeaver/backend#0.1.0","manifest_path":"/Users/test/Documents/Rust/StreamWeaver/backend/Cargo.toml","target":{"kind":["bin"],"crate_types":["bin"],"name":"backend","src_path":"/Users/test/Documents/Rust/StreamWeaver/backend/src/main.rs","edition":"2024","doc":true,"doctest":false,"test":true},"message":{"rendered":"error[E0308]: mismatched types\n  --> src/main.rs:95:13\n   |\n55 |     HTTP,\n   |     ---- unit variant defined here\n...\n94 |         match part {\n   |               ---- this expression has type `&str`\n95 |             request_element::HTTP => request_data.httpversion = String::from(&part),\n   |             ^^^^^^^^^^^^^^^^^^^^^ expected `str`, found `request_element`\n\n","$message_type":"diagnostic","children":[],"code":{"code":"E0308","explanation":"Expected type did not match the received type.\n\nErroneous code examples:\n\n```compile_fail,E0308\nfn plus_one(x: i32) -> i32 {\n    x + 1\n}\n\nplus_one(\"Not a number\");\n//       ^^^^^^^^^^^^^^ expected `i32`, found `&str`\n\nif \"Not a bool\" {\n// ^^^^^^^^^^^^ expected `bool`, found `&str`\n}\n\nlet x: f32 = \"Not a float\";\n//     ---   ^^^^^^^^^^^^^ expected `f32`, found `&str`\n//     |\n//     expected due to this\n```\n\nThis error occurs when an expression was used in a place where the compiler\nexpected an expression of a different type. It can occur in several cases, the\nmost common being when calling a function and passing an argument which has a\ndifferent type than the matching type in the function declaration.\n"},"level":"error","message":"mismatched types","spans":[{"byte_end":2749,"byte_start":2728,"column_end":34,"column_start":13,"expansion":null,"file_name":"src/main.rs","is_primary":true,"label":"expected `str`, found `request_element`","line_end":95,"line_start":95,"suggested_replacement":null,"suggestion_applicability":null,"text":[{"highlight_end":34,"highlight_start":13,"text":"            request_element::HTTP => request_data.httpversion = String::from(&part),"}]},{"byte_end":2713,"byte_start":2709,"column_end":19,"column_start":15,"expansion":null,"file_name":"src/main.rs","is_primary":false,"label":"this expression has type `&str`","line_end":94,"line_start":94,"suggested_replacement":null,"suggestion_applicability":null,"text":[{"highlight_end":19,"highlight_start":15,"text":"        match part {"}]},{"byte_end":1502,"byte_start":1498,"column_end":9,"column_start":5,"expansion":null,"file_name":"src/main.rs","is_primary":false,"label":"unit variant defined here","line_end":55,"line_start":55,"suggested_replacement":null,"suggestion_applicability":null,"text":[{"highlight_end":9,"highlight_start":5,"text":"    HTTP,"}]}]}}
{"reason":"compiler-message","package_id":"path+file:///Users/test/Documents/Rust/StreamWeaver/backend#0.1.0","manifest_path":"/Users/test/Documents/Rust/StreamWeaver/backend/Cargo.toml","target":{"kind":["bin"],"crate_types":["bin"],"name":"backend","src_path":"/Users/test/Documents/Rust/StreamWeaver/backend/src/main.rs","edition":"2024","doc":true,"doctest":false,"test":true},"message":{"rendered":"error[E0308]: mismatched types\n  --> src/main.rs:95:13\n   |\n55 |     HTTP,\n   |     ---- unit variant defined here\n...\n94 |         match part {\n   |               ---- this expression has type `&str`\n95 |             request_element::HTTP => request_data.httpversion = String::from(&part),\n   |             ^^^^^^^^^^^^^^^^^^^^^ expected `str`, found `request_element`\n\n","$message_type":"diagnostic","children":[],"code":{"code":"E0308","explanation":"Expected type did not match the received type.\n\nErroneous code examples:\n\n```compile_fail,E0308\nfn plus_one(x: i32) -> i32 {\n    x + 1\n}\n\nplus_one(\"Not a number\");\n//       ^^^^^^^^^^^^^^ expected `i32`, found `&str`\n\nif \"Not a bool\" {\n// ^^^^^^^^^^^^ expected `bool`, found `&str`\n}\n\nlet x: f32 = \"Not a float\";\n//     ---   ^^^^^^^^^^^^^ expected `f32`, found `&str`\n//     |\n//     expected due to this\n```\n\nThis error occurs when an expression was used in a place where the compiler\nexpected an expression of a different type. It can occur in several cases, the\nmost common being when calling a function and passing an argument which has a\ndifferent type than the matching type in the function declaration.\n"},"level":"error","message":"mismatched types","spans":[{"byte_end":2749,"byte_start":2728,"column_end":34,"column_start":13,"expansion":null,"file_name":"src/main.rs","is_primary":true,"label":"expected `str`, found `request_element`","line_end":95,"line_start":95,"suggested_replacement":null,"suggestion_applicability":null,"text":[{"highlight_end":34,"highlight_start":13,"text":"            request_element::HTTP => request_data.httpversion = String::from(&part),"}]},{"byte_end":2713,"byte_start":2709,"column_end":19,"column_start":15,"expansion":null,"file_name":"src/main.rs","is_primary":false,"label":"this expression has type `&str`","line_end":94,"line_start":94,"suggested_replacement":null,"suggestion_applicability":null,"text":[{"highlight_end":19,"highlight_start":15,"text":"        match part {"}]},{"byte_end":1502,"byte_start":1498,"column_end":9,"column_start":5,"expansion":null,"file_name":"src/main.rs","is_primary":false,"label":"unit variant defined here","line_end":55,"line_start":55,"suggested_replacement":null,"suggestion_applicability":null,"text":[{"highlight_end":9,"highlight_start":5,"text":"    HTTP,"}]}]}}
{"reason":"compiler-message","package_id":"path+file:///Users/test/Documents/Rust/StreamWeaver/backend#0.1.0","manifest_path":"/Users/test/Documents/Rust/StreamWeaver/backend/Cargo.toml","target":{"kind":["bin"],"crate_types":["bin"],"name":"backend","src_path":"/Users/test/Documents/Rust/StreamWeaver/backend/src/main.rs","edition":"2024","doc":true,"doctest":false,"test":true},"message":{"rendered":"error[E0277]: the trait bound `String: From<&&str>` is not satisfied\n  --> src/main.rs:95:65\n   |\n95 |             request_element::HTTP => request_data.httpversion = String::from(&part),\n   |                                                                 ^^^^^^ the trait `From<&&str>` is not implemented for `String`\n   |\n   = help: the following other types implement trait `From<T>`:\n             `String` implements `From<&String>`\n             `String` implements `From<&mut str>`\n             `String` implements `From<&str>`\n             `String` implements `From<Box<str>>`\n             `String` implements `From<Cow<'_, str>>`\n             `String` implements `From<char>`\n\n","$message_type":"diagnostic","children":[{"children":[],"code":null,"level":"help","message":"the following other types implement trait `From<T>`:\n  `String` implements `From<&String>`\n  `String` implements `From<&mut str>`\n  `String` implements `From<&str>`\n  `String` implements `From<Box<str>>`\n  `String` implements `From<Cow<'_, str>>`\n  `String` implements `From<char>`","rendered":null,"spans":[]}],"code":{"code":"E0277","explanation":"You tried to use a type which doesn't implement some trait in a place which\nexpected that trait.\n\nErroneous code example:\n\n```compile_fail,E0277\n// here we declare the Foo trait with a bar method\ntrait Foo {\n    fn bar(&self);\n}\n\n// we now declare a function which takes an object implementing the Foo trait\nfn some_func<T: Foo>(foo: T) {\n    foo.bar();\n}\n\nfn main() {\n    // we now call the method with the i32 type, which doesn't implement\n    // the Foo trait\n    some_func(5i32); // error: the trait bound `i32 : Foo` is not satisfied\n}\n```\n\nIn order to fix this error, verify that the type you're using does implement\nthe trait. Example:\n\n```\ntrait Foo {\n    fn bar(&self);\n}\n\n// we implement the trait on the i32 type\nimpl Foo for i32 {\n    fn bar(&self) {}\n}\n\nfn some_func<T: Foo>(foo: T) {\n    foo.bar(); // we can now use this method since i32 implements the\n               // Foo trait\n}\n\nfn main() {\n    some_func(5i32); // ok!\n}\n```\n\nOr in a generic context, an erroneous code example would look like:\n\n```compile_fail,E0277\nfn some_func<T>(foo: T) {\n    println!(\"{:?}\", foo); // error: the trait `core::fmt::Debug` is not\n                           //        implemented for the type `T`\n}\n\nfn main() {\n    // We now call the method with the i32 type,\n    // which *does* implement the Debug trait.\n    some_func(5i32);\n}\n```\n\nNote that the error here is in the definition of the generic function. Although\nwe only call it with a parameter that does implement `Debug`, the compiler\nstill rejects the function. It must work with all possible input types. In\norder to make this example compile, we need to restrict the generic type we're\naccepting:\n\n```\nuse std::fmt;\n\n// Restrict the input type to types that implement Debug.\nfn some_func<T: fmt::Debug>(foo: T) {\n    println!(\"{:?}\", foo);\n}\n\nfn main() {\n    // Calling the method is still fine, as i32 implements Debug.\n    some_func(5i32);\n\n    // This would fail to compile now:\n    // struct WithoutDebug;\n    // some_func(WithoutDebug);\n}\n```\n\nRust only looks at the signature of the called function, as such it must\nalready specify all requirements that will be used for every type parameter.\n"},"level":"error","message":"the trait bound `String: From<&&str>` is not satisfied","spans":[{"byte_end":2786,"byte_start":2780,"column_end":71,"column_start":65,"expansion":null,"file_name":"src/main.rs","is_primary":true,"label":"the trait `From<&&str>` is not implemented for `String`","line_end":95,"line_start":95,"suggested_replacement":null,"suggestion_applicability":null,"text":[{"highlight_end":71,"highlight_start":65,"text":"            request_element::HTTP => request_data.httpversion = String::from(&part),"}]}]}}
{"reason":"compiler-message","package_id":"path+file:///Users/test/Documents/Rust/StreamWeaver/backend#0.1.0","manifest_path":"/Users/test/Documents/Rust/StreamWeaver/backend/Cargo.toml","target":{"kind":["bin"],"crate_types":["bin"],"name":"backend","src_path":"/Users/test/Documents/Rust/StreamWeaver/backend/src/main.rs","edition":"2024","doc":true,"doctest":false,"test":true},"message":{"rendered":"error[E0277]: the trait bound `String: From<&&str>` is not satisfied\n  --> src/main.rs:95:65\n   |\n95 |             request_element::HTTP => request_data.httpversion = String::from(&part),\n   |                                                                 ^^^^^^ the trait `From<&&str>` is not implemented for `String`\n   |\n   = help: the following other types implement trait `From<T>`:\n             `String` implements `From<&String>`\n             `String` implements `From<&mut str>`\n             `String` implements `From<&str>`\n             `String` implements `From<Box<str>>`\n             `String` implements `From<Cow<'_, str>>`\n             `String` implements `From<char>`\n\n","$message_type":"diagnostic","children":[{"children":[],"code":null,"level":"help","message":"the following other types implement trait `From<T>`:\n  `String` implements `From<&String>`\n  `String` implements `From<&mut str>`\n  `String` implements `From<&str>`\n  `String` implements `From<Box<str>>`\n  `String` implements `From<Cow<'_, str>>`\n  `String` implements `From<char>`","rendered":null,"spans":[]}],"code":{"code":"E0277","explanation":"You tried to use a type which doesn't implement some trait in a place which\nexpected that trait.\n\nErroneous code example:\n\n```compile_fail,E0277\n// here we declare the Foo trait with a bar method\ntrait Foo {\n    fn bar(&self);\n}\n\n// we now declare a function which takes an object implementing the Foo trait\nfn some_func<T: Foo>(foo: T) {\n    foo.bar();\n}\n\nfn main() {\n    // we now call the method with the i32 type, which doesn't implement\n    // the Foo trait\n    some_func(5i32); // error: the trait bound `i32 : Foo` is not satisfied\n}\n```\n\nIn order to fix this error, verify that the type you're using does implement\nthe trait. Example:\n\n```\ntrait Foo {\n    fn bar(&self);\n}\n\n// we implement the trait on the i32 type\nimpl Foo for i32 {\n    fn bar(&self) {}\n}\n\nfn some_func<T: Foo>(foo: T) {\n    foo.bar(); // we can now use this method since i32 implements the\n               // Foo trait\n}\n\nfn main() {\n    some_func(5i32); // ok!\n}\n```\n\nOr in a generic context, an erroneous code example would look like:\n\n```compile_fail,E0277\nfn some_func<T>(foo: T) {\n    println!(\"{:?}\", foo); // error: the trait `core::fmt::Debug` is not\n                           //        implemented for the type `T`\n}\n\nfn main() {\n    // We now call the method with the i32 type,\n    // which *does* implement the Debug trait.\n    some_func(5i32);\n}\n```\n\nNote that the error here is in the definition of the generic function. Although\nwe only call it with a parameter that does implement `Debug`, the compiler\nstill rejects the function. It must work with all possible input types. In\norder to make this example compile, we need to restrict the generic type we're\naccepting:\n\n```\nuse std::fmt;\n\n// Restrict the input type to types that implement Debug.\nfn some_func<T: fmt::Debug>(foo: T) {\n    println!(\"{:?}\", foo);\n}\n\nfn main() {\n    // Calling the method is still fine, as i32 implements Debug.\n    some_func(5i32);\n\n    // This would fail to compile now:\n    // struct WithoutDebug;\n    // some_func(WithoutDebug);\n}\n```\n\nRust only looks at the signature of the called function, as such it must\nalready specify all requirements that will be used for every type parameter.\n"},"level":"error","message":"the trait bound `String: From<&&str>` is not satisfied","spans":[{"byte_end":2786,"byte_start":2780,"column_end":71,"column_start":65,"expansion":null,"file_name":"src/main.rs","is_primary":true,"label":"the trait `From<&&str>` is not implemented for `String`","line_end":95,"line_start":95,"suggested_replacement":null,"suggestion_applicability":null,"text":[{"highlight_end":71,"highlight_start":65,"text":"            request_element::HTTP => request_data.httpversion = String::from(&part),"}]}]}}
{"reason":"compiler-message","package_id":"path+file:///Users/test/Documents/Rust/StreamWeaver/backend#0.1.0","manifest_path":"/Users/test/Documents/Rust/StreamWeaver/backend/Cargo.toml","target":{"kind":["bin"],"crate_types":["bin"],"name":"backend","src_path":"/Users/test/Documents/Rust/StreamWeaver/backend/src/main.rs","edition":"2024","doc":true,"doctest":false,"test":true},"message":{"rendered":"Some errors have detailed explanations: E0277, E0308.\n","$message_type":"diagnostic","children":[],"code":null,"level":"failure-note","message":"Some errors have detailed explanations: E0277, E0308.","spans":[]}}
{"reason":"compiler-message","package_id":"path+file:///Users/test/Documents/Rust/StreamWeaver/backend#0.1.0","manifest_path":"/Users/test/Documents/Rust/StreamWeaver/backend/Cargo.toml","target":{"kind":["bin"],"crate_types":["bin"],"name":"backend","src_path":"/Users/test/Documents/Rust/StreamWeaver/backend/src/main.rs","edition":"2024","doc":true,"doctest":false,"test":true},"message":{"rendered":"For more information about an error, try `rustc --explain E0277`.\n","$message_type":"diagnostic","children":[],"code":null,"level":"failure-note","message":"For more information about an error, try `rustc --explain E0277`.","spans":[]}}
{"reason":"compiler-message","package_id":"path+file:///Users/test/Documents/Rust/StreamWeaver/backend#0.1.0","manifest_path":"/Users/test/Documents/Rust/StreamWeaver/backend/Cargo.toml","target":{"kind":["bin"],"crate_types":["bin"],"name":"backend","src_path":"/Users/test/Documents/Rust/StreamWeaver/backend/src/main.rs","edition":"2024","doc":true,"doctest":false,"test":true},"message":{"rendered":"Some errors have detailed explanations: E0277, E0308.\n","$message_type":"diagnostic","children":[],"code":null,"level":"failure-note","message":"Some errors have detailed explanations: E0277, E0308.","spans":[]}}
{"reason":"compiler-message","package_id":"path+file:///Users/test/Documents/Rust/StreamWeaver/backend#0.1.0","manifest_path":"/Users/test/Documents/Rust/StreamWeaver/backend/Cargo.toml","target":{"kind":["bin"],"crate_types":["bin"],"name":"backend","src_path":"/Users/test/Documents/Rust/StreamWeaver/backend/src/main.rs","edition":"2024","doc":true,"doctest":false,"test":true},"message":{"rendered":"For more information about an error, try `rustc --explain E0277`.\n","$message_type":"diagnostic","children":[],"code":null,"level":"failure-note","message":"For more information about an error, try `rustc --explain E0277`.","spans":[]}}
{"reason":"build-finished","success":false}
